app/build/outputs/logs/manifest-merger-debug-report.txt
-- Merging decision tree log ---
manifest
ADDED from src\main\AndroidManifest.xml:2:1-51:12
INJECTED from src\main\AndroidManifest.xml:2:1-51:12
INJECTED from src\main\AndroidManifest.xml:2:1-51:12
INJECTED from src\main\AndroidManifest.xml:2:1-51:12
MERGED from [com.android.support:appcompat-v7:21.0.2] AndroidManifest.xml:14:4-17:12
MERGED from [com.android.support:support-v4:21.0.2] AndroidManifest.xml:14:4-17:12
INJECTED from src\main\AndroidManifest.xml:2:1-51:12
INJECTED from src\main\AndroidManifest.xml:2:1-51:12
INJECTED from src\main\AndroidManifest.xml:2:1-51:12
	package
		ADDED from src\main\AndroidManifest.xml:3:5-35
		INJECTED from src\main\AndroidManifest.xml
		INJECTED from src\main\AndroidManifest.xml
	android:versionName
		ADDED from src\main\AndroidManifest.xml:5:5-30
		INJECTED from src\main\AndroidManifest.xml
		INJECTED from src\main\AndroidManifest.xml
	xmlns:android
		ADDED from src\main\AndroidManifest.xml:2:11-69
	android:versionCode
		ADDED from src\main\AndroidManifest.xml:4:5-28
		INJECTED from src\main\AndroidManifest.xml
		INJECTED from src\main\AndroidManifest.xml
uses-sdk
ADDED from src\main\AndroidManifest.xml:7:5-9:41
INJECTED from src\main\AndroidManifest.xml:7:5-9:41
INJECTED from src\main\AndroidManifest.xml:7:5-9:41
MERGED from [com.android.support:appcompat-v7:21.0.2] AndroidManifest.xml:15:5-42
MERGED from [com.android.support:appcompat-v7:21.0.2] AndroidManifest.xml:15:5-42
MERGED from [com.android.support:support-v4:21.0.2] AndroidManifest.xml:15:5-42
MERGED from [com.android.support:support-v4:21.0.2] AndroidManifest.xml:15:5-42
INJECTED from src\main\AndroidManifest.xml:7:5-9:41
INJECTED from src\main\AndroidManifest.xml:7:5-9:41
	android:targetSdkVersion
		ADDED from src\main\AndroidManifest.xml:9:9-38
		INJECTED from src\main\AndroidManifest.xml
		INJECTED from src\main\AndroidManifest.xml
	android:minSdkVersion
		ADDED from src\main\AndroidManifest.xml:8:9-35
		INJECTED from src\main\AndroidManifest.xml
		INJECTED from src\main\AndroidManifest.xml
uses-permission#android.permission.INTERNET
ADDED from src\main\AndroidManifest.xml:11:5-66
	android:name
		ADDED from src\main\AndroidManifest.xml:11:22-64
uses-permission#android.permission.READ_PHONE_STATE
ADDED from src\main\AndroidManifest.xml:12:2-71
	android:name
		ADDED from src\main\AndroidManifest.xml:12:19-69
uses-permission#android.permission.ACCESS_NETWORK_STATE
ADDED from src\main\AndroidManifest.xml:13:2-75
	android:name
		ADDED from src\main\AndroidManifest.xml:13:19-73
uses-permission#android.permission.ACCESS_WIFI_STATE
ADDED from src\main\AndroidManifest.xml:14:2-72
	android:name
		ADDED from src\main\AndroidManifest.xml:14:19-70
uses-permission#android.permission.WRITE_EXTERNAL_STORAGE
ADDED from src\main\AndroidManifest.xml:15:2-77
	android:name
		ADDED from src\main\AndroidManifest.xml:15:19-75
uses-permission#android.permission.READ_EXTERNAL_STORAGE
ADDED from src\main\AndroidManifest.xml:16:2-76
	android:name
		ADDED from src\main\AndroidManifest.xml:16:19-74
uses-permission#android.permission.ACCESS_FINE_LOCATION
ADDED from src\main\AndroidManifest.xml:17:2-75
	android:name
		ADDED from src\main\AndroidManifest.xml:17:19-73
uses-permission#android.permission.GET_TASKS
ADDED from src\main\AndroidManifest.xml:18:2-64
	android:name
		ADDED from src\main\AndroidManifest.xml:18:19-62
uses-permission#android.permission.WAKE_LOCK
ADDED from src\main\AndroidManifest.xml:19:2-64
	android:name
		ADDED from src\main\AndroidManifest.xml:19:19-62
application
ADDED from src\main\AndroidManifest.xml:20:5-49:19
MERGED from [com.android.support:appcompat-v7:21.0.2] AndroidManifest.xml:16:5-19
MERGED from [com.android.support:appcompat-v7:21.0.2] AndroidManifest.xml:16:5-19
MERGED from [com.android.support:support-v4:21.0.2] AndroidManifest.xml:16:5-19
MERGED from [com.android.support:support-v4:21.0.2] AndroidManifest.xml:16:5-19
	android:label
		ADDED from src\main\AndroidManifest.xml:24:9-41
	android:icon
		ADDED from src\main\AndroidManifest.xml:23:9-38
	android:allowBackup
		ADDED from src\main\AndroidManifest.xml:22:9-35
	android:theme
		ADDED from src\main\AndroidManifest.xml:25:9-62
	android:name
		ADDED from src\main\AndroidManifest.xml:21:9-48
activity#com.arong.cookbook.activity.WelcomeActivity
ADDED from src\main\AndroidManifest.xml:26:9-34:20
	android:label
		ADDED from src\main\AndroidManifest.xml:28:13-45
	android:name
		ADDED from src\main\AndroidManifest.xml:27:13-71
intent-filter#android.intent.acti   on.MAIN+android.intent.category.LAUNCHER
ADDED from src\main\AndroidManifest.xml:29:13-33:29
action#android.intent.acti   on.MAIN
ADDED from src\main\AndroidManifest.xml:30:17-72
	android:name
		ADDED from src\main\AndroidManifest.xml:30:25-69
category#android.intent.category.LAUNCHER
ADDED from src\main\AndroidManifest.xml:32:17-77
	android:name
		ADDED from src\main\AndroidManifest.xml:32:27-74
activity#com.arong.cookbook.activity.HomePageActivity
ADDED from src\main\AndroidManifest.xml:35:9-36:20
	android:name
		ADDED from src\main\AndroidManifest.xml:35:19-78
activity#com.arong.cookbook.activity.RestaurantDetailActivity
ADDED from src\main\AndroidManifest.xml:37:9-38:20
	android:name
		ADDED from src\main\AndroidManifest.xml:37:19-86
activity#com.arong.cookbook.activity.DianPingWebActivity
ADDED from src\main\AndroidManifest.xml:39:9-40:20
	android:name
		ADDED from src\main\AndroidManifest.xml:39:19-81
activity#com.arong.cookbook.activity.LoginActivity
ADDED from src\main\AndroidManifest.xml:41:9-42:20
	android:name
		ADDED from src\main\AndroidManifest.xml:41:19-75
service#com.zdp.aseo.content.AseoZdpUpdateService
ADDED from src\main\AndroidManifest.xml:43:9-77
	android:name
		ADDED from src\main\AndroidManifest.xml:43:18-74
service#com.iflytek.voiceads.update.DownloadService
ADDED from src\main\AndroidManifest.xml:44:9-45:73
	android:name
		ADDED from src\main\AndroidManifest.xml:45:13-71
activity#com.iflytek.voiceads.request.IFLYBrowser
ADDED from src\main\AndroidManifest.xml:46:3-48:52
	android:screenOrientation
		ADDED from src\main\AndroidManifest.xml:48:13-49
	android:name
		ADDED from src\main\AndroidManifest.xml:47:13-68